2019-01-22 17:00:49,666 - log.py[line:13] - INFO: this is a loggging info message
2019-01-22 17:00:49,666 - log.py[line:14] - DEBUG: this is a loggging debug message
2019-01-22 17:00:49,666 - log.py[line:15] - WARNING: this is loggging a warning message
2019-01-22 17:00:49,666 - log.py[line:16] - ERROR: this is an loggging error message
2019-01-22 17:00:49,667 - log.py[line:17] - CRITICAL: this is a loggging critical message
2019-01-22 17:00:49,668 - log.py[line:57] - INFO: this is a logger info message
2019-01-22 17:00:49,668 - log.py[line:58] - WARNING: this is a logger warning message
2019-01-22 17:00:49,669 - log.py[line:59] - ERROR: this is a logger error message
2019-01-22 17:00:49,669 - log.py[line:60] - CRITICAL: this is a logger critical message
2019-01-22 17:00:49,669 - log.py[line:64] - INFO: test info
2019-01-22 17:00:49,670 - log.py[line:64] - INFO: test info
2019-01-22 17:00:49,670 - log.py[line:64] - INFO: test info
2019-01-22 17:00:49,671 - log.py[line:64] - INFO: test info
2019-01-22 17:00:49,671 - log.py[line:64] - INFO: test info
2019-01-22 17:00:49,671 - log.py[line:64] - INFO: test info
2019-01-22 17:00:49,672 - log.py[line:64] - INFO: test info
2019-01-22 17:00:49,672 - log.py[line:64] - INFO: test info
2019-01-22 17:00:49,672 - log.py[line:64] - INFO: test info
2019-01-22 17:00:49,672 - log.py[line:64] - INFO: test info
2019-01-22 17:00:49,673 - log.py[line:64] - INFO: test info
2019-01-22 17:00:49,673 - log.py[line:64] - INFO: test info
2019-01-22 17:00:49,676 - log.py[line:64] - INFO: test info
2019-01-22 17:00:49,676 - log.py[line:64] - INFO: test info
2019-01-22 17:00:49,676 - log.py[line:64] - INFO: test info
2019-01-22 17:00:49,676 - log.py[line:64] - INFO: test info
2019-01-22 17:00:49,677 - log.py[line:64] - INFO: test info
2019-01-22 17:00:49,677 - log.py[line:64] - INFO: test info
2019-01-22 17:00:49,677 - log.py[line:64] - INFO: test info
2019-01-22 17:00:49,678 - log.py[line:64] - INFO: test info
2019-01-22 17:00:49,678 - log.py[line:64] - INFO: test info
2019-01-22 17:00:49,678 - log.py[line:64] - INFO: test info
2019-01-22 17:00:49,679 - log.py[line:64] - INFO: test info
2019-01-22 17:00:49,679 - log.py[line:64] - INFO: test info
2019-01-22 17:00:49,679 - log.py[line:64] - INFO: test info
2019-01-22 17:00:49,680 - log.py[line:64] - INFO: test info
2019-01-22 17:00:49,680 - log.py[line:64] - INFO: test info
2019-01-22 17:00:49,680 - log.py[line:64] - INFO: test info
2019-01-22 17:00:49,684 - log.py[line:64] - INFO: test info
2019-01-22 17:00:49,684 - log.py[line:64] - INFO: test info
2019-01-22 17:00:49,684 - log.py[line:64] - INFO: test info
2019-01-22 17:00:49,685 - log.py[line:64] - INFO: test info
2019-01-22 17:00:49,685 - log.py[line:64] - INFO: test info
2019-01-22 17:00:49,685 - log.py[line:64] - INFO: test info
2019-01-22 17:00:49,685 - log.py[line:64] - INFO: test info
2019-01-22 17:00:49,685 - log.py[line:64] - INFO: test info
2019-01-22 17:00:49,686 - log.py[line:64] - INFO: test info
2019-01-22 17:00:49,686 - log.py[line:64] - INFO: test info
2019-01-22 17:00:49,686 - log.py[line:64] - INFO: test info
2019-01-22 17:00:49,687 - log.py[line:64] - INFO: test info
2019-01-22 17:00:49,687 - log.py[line:64] - INFO: test info
2019-01-22 17:00:49,687 - log.py[line:64] - INFO: test info
2019-01-22 17:00:49,687 - log.py[line:64] - INFO: test info
2019-01-22 17:00:49,688 - log.py[line:64] - INFO: test info
2019-01-22 17:00:49,692 - log.py[line:64] - INFO: test info
2019-01-22 17:00:49,692 - log.py[line:64] - INFO: test info
2019-01-22 17:00:49,692 - log.py[line:64] - INFO: test info
2019-01-22 17:00:49,693 - log.py[line:64] - INFO: test info
2019-01-22 17:00:49,693 - log.py[line:64] - INFO: test info
2019-01-22 17:00:49,693 - log.py[line:64] - INFO: test info
2019-01-22 17:00:49,693 - log.py[line:64] - INFO: test info
2019-01-22 17:00:49,694 - log.py[line:64] - INFO: test info
2019-01-22 17:00:49,694 - log.py[line:64] - INFO: test info
2019-01-22 17:00:49,694 - log.py[line:64] - INFO: test info
2019-01-22 17:00:49,694 - log.py[line:64] - INFO: test info
2019-01-22 17:00:49,695 - log.py[line:64] - INFO: test info
2019-01-22 17:00:49,695 - log.py[line:64] - INFO: test info
2019-01-22 17:00:49,695 - log.py[line:64] - INFO: test info
2019-01-22 17:00:49,696 - log.py[line:64] - INFO: test info
2019-01-22 17:00:49,696 - log.py[line:64] - INFO: test info
2019-01-22 17:00:49,702 - log.py[line:64] - INFO: test info
2019-01-22 17:00:49,702 - log.py[line:64] - INFO: test info
2019-01-22 17:00:49,702 - log.py[line:64] - INFO: test info
2019-01-22 17:00:49,703 - log.py[line:64] - INFO: test info
2019-01-22 17:00:49,703 - log.py[line:64] - INFO: test info
2019-01-22 17:00:49,703 - log.py[line:64] - INFO: test info
2019-01-22 17:00:49,704 - log.py[line:64] - INFO: test info
2019-01-22 17:00:49,704 - log.py[line:64] - INFO: test info
2019-01-22 17:00:49,704 - log.py[line:64] - INFO: test info
2019-01-22 17:00:49,704 - log.py[line:64] - INFO: test info
2019-01-22 17:00:49,705 - log.py[line:64] - INFO: test info
2019-01-22 17:00:49,705 - log.py[line:64] - INFO: test info
2019-01-22 17:00:49,705 - log.py[line:64] - INFO: test info
2019-01-22 17:00:49,705 - log.py[line:64] - INFO: test info
2019-01-22 17:00:49,706 - log.py[line:64] - INFO: test info
2019-01-22 17:00:49,706 - log.py[line:64] - INFO: test info
2019-01-22 17:00:49,712 - log.py[line:64] - INFO: test info
2019-01-22 17:00:49,712 - log.py[line:64] - INFO: test info
2019-01-22 17:00:49,712 - log.py[line:64] - INFO: test info
2019-01-22 17:00:49,713 - log.py[line:64] - INFO: test info
2019-01-22 17:00:49,713 - log.py[line:64] - INFO: test info
2019-01-22 17:00:49,713 - log.py[line:64] - INFO: test info
2019-01-22 17:00:49,714 - log.py[line:64] - INFO: test info
2019-01-22 17:00:49,714 - log.py[line:64] - INFO: test info
2019-01-22 17:00:49,714 - log.py[line:64] - INFO: test info
2019-01-22 17:00:49,714 - log.py[line:64] - INFO: test info
2019-01-22 17:00:49,715 - log.py[line:64] - INFO: test info
2019-01-22 17:00:49,715 - log.py[line:64] - INFO: test info
2019-01-22 17:00:49,715 - log.py[line:64] - INFO: test info
2019-01-22 17:00:49,716 - log.py[line:64] - INFO: test info
2019-01-22 17:00:49,716 - log.py[line:64] - INFO: test info
2019-01-22 17:00:49,716 - log.py[line:64] - INFO: test info
2019-01-22 17:00:49,724 - log.py[line:64] - INFO: test info
2019-01-22 17:00:49,724 - log.py[line:64] - INFO: test info
2019-01-22 17:00:49,724 - log.py[line:64] - INFO: test info
2019-01-22 17:00:49,724 - log.py[line:64] - INFO: test info
2019-01-22 17:00:49,725 - log.py[line:64] - INFO: test info
2019-01-22 17:00:49,725 - log.py[line:64] - INFO: test info
2019-01-22 17:00:49,725 - log.py[line:64] - INFO: test info
2019-01-22 17:00:49,725 - log.py[line:64] - INFO: test info
